# JRE version: OpenJDK Runtime Environment (11.0.12+7) (build 11.0.12+7-b1504.28-7817840)
# Java VM: OpenJDK 64-Bit Server VM (11.0.12+7-b1504.28-7817840, mixed mode, tiered, compressed oops, g1 gc, windows-amd64)
Heap:
 garbage-first heap   total 129024K, used 82499K [0x0000000080000000, 0x0000000100000000)
  region size 1024K, 62 young (63488K), 6 survivors (6144K)
 Metaspace       used 39639K, capacity 40511K, committed 40780K, reserved 1085440K
  class space    used 5060K, capacity 5385K, committed 5452K, reserved 1048576K
GC Heap History (14 events):
Event: 6.614 GC heap before
{Heap before GC invocations=0 (full 0):
 garbage-first heap   total 129024K, used 29696K [0x0000000080000000, 0x0000000100000000)
  region size 1024K, 24 young (24576K), 0 survivors (0K)
 Metaspace       used 10254K, capacity 10495K, committed 10624K, reserved 1058816K
  class space    used 1071K, capacity 1141K, committed 1152K, reserved 1048576K
}
Event: 6.989 GC heap after
{Heap after GC invocations=1 (full 0):
 garbage-first heap   total 129024K, used 9583K [0x0000000080000000, 0x0000000100000000)
  region size 1024K, 3 young (3072K), 3 survivors (3072K)
 Metaspace       used 10254K, capacity 10495K, committed 10624K, reserved 1058816K
  class space    used 1071K, capacity 1141K, committed 1152K, reserved 1048576K
}
Event: 10.153 GC heap before
{Heap before GC invocations=1 (full 0):
 garbage-first heap   total 129024K, used 36207K [0x0000000080000000, 0x0000000100000000)
  region size 1024K, 29 young (29696K), 3 survivors (3072K)
 Metaspace       used 11244K, capacity 11450K, committed 11520K, reserved 1058816K
  class space    used 1175K, capacity 1246K, committed 1280K, reserved 1048576K
}
Event: 10.159 GC heap after
{Heap after GC invocations=2 (full 0):
 garbage-first heap   total 129024K, used 10726K [0x0000000080000000, 0x0000000100000000)
  region size 1024K, 1 young (1024K), 1 survivors (1024K)
 Metaspace       used 11244K, capacity 11450K, committed 11520K, reserved 1058816K
  class space    used 1175K, capacity 1246K, committed 1280K, reserved 1048576K
}
Event: 17.730 GC heap before
{Heap before GC invocations=2 (full 0):
 garbage-first heap   total 129024K, used 50662K [0x0000000080000000, 0x0000000100000000)
  region size 1024K, 40 young (40960K), 1 survivors (1024K)
 Metaspace       used 16838K, capacity 17170K, committed 17280K, reserved 1064960K
  class space    used 1944K, capacity 2068K, committed 2176K, reserved 1048576K
}
Event: 17.772 GC heap after
{Heap after GC invocations=3 (full 0):
 garbage-first heap   total 129024K, used 16355K [0x0000000080000000, 0x0000000100000000)
  region size 1024K, 5 young (5120K), 5 survivors (5120K)
 Metaspace       used 16838K, capacity 17170K, committed 17280K, reserved 1064960K
  class space    used 1944K, capacity 2068K, committed 2176K, reserved 1048576K
}
Event: 19.064 GC heap before
{Heap before GC invocations=3 (full 0):
 garbage-first heap   total 129024K, used 50147K [0x0000000080000000, 0x0000000100000000)
  region size 1024K, 39 young (39936K), 5 survivors (5120K)
 Metaspace       used 20712K, capacity 21141K, committed 21248K, reserved 1067008K
  class space    used 2546K, capacity 2712K, committed 2816K, reserved 1048576K
}
Event: 19.081 GC heap after
{Heap after GC invocations=4 (full 0):
 garbage-first heap   total 129024K, used 18076K [0x0000000080000000, 0x0000000100000000)
  region size 1024K, 2 young (2048K), 2 survivors (2048K)
 Metaspace       used 20712K, capacity 21141K, committed 21248K, reserved 1067008K
  class space    used 2546K, capacity 2712K, committed 2816K, reserved 1048576K
}
Event: 21.634 GC heap before
{Heap before GC invocations=5 (full 0):
 garbage-first heap   total 129024K, used 66204K [0x0000000080000000, 0x0000000100000000)
  region size 1024K, 49 young (50176K), 2 survivors (2048K)
 Metaspace       used 25823K, capacity 26393K, committed 26624K, reserved 1073152K
  class space    used 3342K, capacity 3553K, committed 3584K, reserved 1048576K
}
Event: 21.645 GC heap after
{Heap after GC invocations=6 (full 0):
 garbage-first heap   total 129024K, used 19748K [0x0000000080000000, 0x0000000100000000)
  region size 1024K, 4 young (4096K), 4 survivors (4096K)
 Metaspace       used 25823K, capacity 26393K, committed 26624K, reserved 1073152K
  class space    used 3342K, capacity 3553K, committed 3584K, reserved 1048576K
}
Event: 29.841 GC heap before
{Heap before GC invocations=6 (full 0):
 garbage-first heap   total 129024K, used 77092K [0x0000000080000000, 0x0000000100000000)
  region size 1024K, 60 young (61440K), 4 survivors (4096K)
 Metaspace       used 32235K, capacity 33051K, committed 33280K, reserved 1077248K
  class space    used 4302K, capacity 4608K, committed 4608K, reserved 1048576K
}
Event: 29.915 GC heap after
{Heap after GC invocations=7 (full 0):
 garbage-first heap   total 129024K, used 22052K [0x0000000080000000, 0x0000000100000000)
  region size 1024K, 6 young (6144K), 6 survivors (6144K)
 Metaspace       used 32235K, capacity 33051K, committed 33280K, reserved 1077248K
  class space    used 4302K, capacity 4608K, committed 4608K, reserved 1048576K
}
Event: 103.040 GC heap before
{Heap before GC invocations=7 (full 0):
 garbage-first heap   total 129024K, used 28196K [0x0000000080000000, 0x0000000100000000)
  region size 1024K, 13 young (13312K), 6 survivors (6144K)
 Metaspace       used 35040K, capacity 35795K, committed 35840K, reserved 1081344K
  class space    used 4534K, capacity 4839K, committed 4864K, reserved 1048576K
}
Event: 103.642 GC heap after
{Heap after GC invocations=8 (full 0):
 garbage-first heap   total 129024K, used 23107K [0x0000000080000000, 0x0000000100000000)
  region size 1024K, 6 young (6144K), 6 survivors (6144K)
 Metaspace       used 35040K, capacity 35795K, committed 35840K, reserved 1081344K
  class space    used 4534K, capacity 4839K, committed 4864K, reserved 1048576K
}

